======================================================================
  PyPSA-Spain Nested Calibration Loop вҖ” IMMUTABLE RULES
  вң—  CAPACITIES:  p_nom, e_nom, max_hours are NEVER changed
  вң—  VRE:         solar/onwind MC stays at вӮ¬0.01 вҖ” NEVER changed
  вң—  RENEWABLES:  VRE capacity factors (p_max_pu profiles) are NEVER changed
  вң—  MUST-RUN:    biomass MC (вӮ¬0), CCGT_must_run target MW and MC (вӮ¬2) are NEVER changed
  вң—  NUCLEAR:     mc_range FROZEN at config.py baseline (ES: 4.0-8.0 вӮ¬/MWh) вҖ” NOT in optimiser
  вң—  DEMAND:      load profiles, shapes, totals are NEVER changed
  вң—  TOPOLOGY:    lines, links, bus structure are NEVER changed
  вң—  CCGT ORDER:  T1_О· > T2_О· > T3_О· > T4_О· enforced always
  вң—  BOUNDS:      CCGT О· T1[0.65,0.88] T2[0.56,0.76] T3[0.48,0.65] T4[0.40,0.56]
  вң—  BOUNDS:      hydro MC clamped to [15, 120] вӮ¬/MWh before every solve
  вң—  REJECT:      any trial with load_shedding > 0 GWh вҶ’ score = 1e6
  вң—  REJECT:      any trial with model mean price < вӮ¬10 or > вӮ¬120 вҶ’ score = 1e6
  вң—  REJECT:      any trial with >5 VOLL hours вҶ’ score = 1e6

  Periods:   P1, P13, P25, P37, P49, P61, P73, P85, P97, P109, P121, P133, P145, P157, P169, P181, P193, P205, P217, P229, P241, P253, P265, P277, P289, P301, P313, P325, P337, P349, P361  (31 periods Г— 4 days/trial)
  Targets:   price=63.0 | CCGT=50% | VRE=18% | hydroвүӨ+5%
  Structure: Outer DE (30 evals Г— popsize=6) over 4 CCGT О·
             Inner random sampling (3 samples) per period over 3 hydro scales
             Total solves per outer eval: 93
  Output:    /Users/eddieparsons/Documents/BSE_stats/Thesis/pypsa-spain-master/Analysis/calibration_output/
    CSV:     calibration_log.csv
    Report:  progress_report.txt  вҶҗ human-readable, updated each trial
======================================================================

  Baseline CCGT О·: [0.78  0.7   0.605 0.52 ]
  Baseline score (from last stats file): 6.8157


  вҶ’ Outer Trial 1: T1О·=0.878 T2О·=0.796 T3О·=0.677 T4О·=0.542  (31 periods Г— 3 hydro sub-trials each)  [nuclear frozen at config.py baseline]
      P1: ESГ—1.37 FRГ—1.04 PTГ—1.46  score=7.1953  p10=14.6/4.4
      P1: ESГ—1.30 FRГ—0.69 PTГ—1.58  score=5.8574  p10=15.1/4.4
      P1: ESГ—1.36 FRГ—1.39 PTГ—0.73  score=8.3887  p10=14.6/4.4
    в”Җв”Җ P1 best: ESГ—1.297 FRГ—0.694 PTГ—1.576  score=5.8574
      P13: ESГ—1.25 FRГ—0.64 PTГ—0.62  score=8.2742  p10=73.3/66.2
      P13: ESГ—1.44 FRГ—1.19 PTГ—0.82  score=7.4295  p10=73.0/66.2
      P13: ESГ—1.35 FRГ—0.86 PTГ—1.02  score=6.8214  p10=73.0/66.2
    в”Җв”Җ P13 best: ESГ—1.352 FRГ—0.864 PTГ—1.020  score=6.8214
      P25: ESГ—0.72 FRГ—0.86 PTГ—1.01  score=227.9465  p10=76.6/47.0
      P25: ESГ—1.57 FRГ—0.76 PTГ—1.46  score=69.3541  p10=76.6/47.0
      P25: ESГ—0.76 FRГ—0.94 PTГ—1.28  score=81.6701  p10=76.6/47.0
    в”Җв”Җ P25 best: ESГ—1.569 FRГ—0.762 PTГ—1.457  score=69.3541
      P37: ESГ—1.17 FRГ—1.13 PTГ—1.36  score=7899.2927  p10=60.6/29.2
      P37: ESГ—1.41 FRГ—1.11 PTГ—1.38  score=7899.2927  p10=60.6/29.2
      P37: ESГ—1.40 FRГ—1.19 PTГ—1.01  score=7899.2927  p10=60.6/29.2
    в”Җв”Җ P37 best: ESГ—1.173 FRГ—1.128 PTГ—1.364  score=7899.2927
      P49: ESГ—1.51 FRГ—0.68 PTГ—0.87  score=7.0294  p10=53.8/30.0
      P49: ESГ—1.22 FRГ—1.53 PTГ—0.68  score=9.3259  p10=53.7/30.0
      P49: ESГ—1.23 FRГ—1.38 PTГ—1.11  score=7.2354  p10=54.5/30.0
    в”Җв”Җ P49 best: ESГ—1.506 FRГ—0.677 PTГ—0.873  score=7.0294
      P61: ESГ—1.34 FRГ—1.35 PTГ—1.07  score=73.1188  p10=4.0/0.0
      P61: ESГ—0.70 FRГ—1.57 PTГ—0.92  score=69.0938  p10=3.7/0.0
      P61: ESГ—0.80 FRГ—1.46 PTГ—1.11  score=78.8354  p10=4.2/0.0
    в”Җв”Җ P61 best: ESГ—0.704 FRГ—1.567 PTГ—0.921  score=69.0938
      P73: ESГ—0.99 FRГ—1.20 PTГ—1.11  score=15.6087  p10=57.2/3.2
      P73: ESГ—1.29 FRГ—1.25 PTГ—1.46  score=14.6051  p10=57.2/3.2
      P73: ESГ—1.19 FRГ—1.13 PTГ—1.37  score=14.5799  p10=57.1/3.2
    в”Җв”Җ P73 best: ESГ—1.190 FRГ—1.128 PTГ—1.372  score=14.5799
      P85: ESГ—0.96 FRГ—1.19 PTГ—0.99  score=23.5315  p10=1.7/0.0
      P85: ESГ—1.22 FRГ—1.26 PTГ—0.61  score=13.5724  p10=1.7/0.0
      P85: ESГ—1.38 FRГ—1.60 PTГ—1.11  score=22.2858  p10=1.7/0.0
    в”Җв”Җ P85 best: ESГ—1.224 FRГ—1.256 PTГ—0.614  score=13.5724
      P97: ESГ—1.39 FRГ—1.43 PTГ—1.15  score=105359.5372  p10=?/?
      P97: ESГ—1.57 FRГ—0.84 PTГ—1.25  score=105094.7038  p10=?/?
      P97: ESГ—0.67 FRГ—1.16 PTГ—1.00  score=160567.8056  p10=?/?
    в”Җв”Җ P97 best: ESГ—1.573 FRГ—0.837 PTГ—1.247  score=105094.7038
      P109: ESГ—1.54 FRГ—0.91 PTГ—0.85  score=14.6867  p10=?/?
      P109: ESГ—0.82 FRГ—1.39 PTГ—0.82  score=12.2611  p10=?/?
      P109: ESГ—1.41 FRГ—1.33 PTГ—1.02  score=9.9881  p10=?/?
    в”Җв”Җ P109 best: ESГ—1.406 FRГ—1.333 PTГ—1.022  score=9.9881
      P121: ESГ—1.22 FRГ—1.17 PTГ—1.12  score=14.5060  p10=1.8/0.2
      P121: ESГ—0.61 FRГ—1.15 PTГ—1.57  score=23.4727  p10=1.8/0.2
      P121: ESГ—1.00 FRГ—0.62 PTГ—0.84  score=8.7508  p10=1.8/0.2
    в”Җв”Җ P121 best: ESГ—0.998 FRГ—0.616 PTГ—0.844  score=8.7508
      P133: ESГ—0.61 FRГ—1.32 PTГ—0.93  score=13.1498  p10=2.1/0.0
      P133: ESГ—1.53 FRГ—0.70 PTГ—1.27  score=10.2668  p10=2.1/0.0
      P133: ESГ—1.42 FRГ—1.29 PTГ—1.60  score=10.3458  p10=2.1/0.0
    в”Җв”Җ P133 best: ESГ—1.533 FRГ—0.705 PTГ—1.266  score=10.2668
      P145: ESГ—0.82 FRГ—1.12 PTГ—0.68  score=23.7725  p10=42.7/0.0
      P145: ESГ—1.18 FRГ—0.69 PTГ—1.06  score=14.1734  p10=44.0/0.0
      P145: ESГ—1.27 FRГ—0.73 PTГ—1.53  score=9.5556  p10=48.0/0.0
    в”Җв”Җ P145 best: ESГ—1.268 FRГ—0.729 PTГ—1.526  score=9.5556
      P157: ESГ—1.43 FRГ—1.47 PTГ—0.82  score=6.3987  p10=75.4/36.6
      P157: ESГ—0.83 FRГ—1.09 PTГ—1.35  score=14.8237  p10=74.9/36.6
      P157: ESГ—1.30 FRГ—1.55 PTГ—0.67  score=11.0306  p10=75.9/36.6
    в”Җв”Җ P157 best: ESГ—1.432 FRГ—1.471 PTГ—0.818  score=6.3987
      P169: ESГ—1.33 FRГ—0.62 PTГ—1.58  score=14.8576  p10=72.0/10.9
      P169: ESГ—1.32 FRГ—1.14 PTГ—0.84  score=10.4158  p10=79.7/10.9
      P169: ESГ—1.21 FRГ—0.96 PTГ—1.19  score=10.1130  p10=79.7/10.9
    в”Җв”Җ P169 best: ESГ—1.207 FRГ—0.959 PTГ—1.189  score=10.1130
      P181: ESГ—1.28 FRГ—1.07 PTГ—1.44  score=12.4769  p10=66.0/10.1
      P181: ESГ—0.94 FRГ—0.99 PTГ—0.76  score=11.0988  p10=66.0/10.1
      P181: ESГ—1.03 FRГ—1.33 PTГ—0.89  score=12.2663  p10=66.0/10.1
    в”Җв”Җ P181 best: ESГ—0.940 FRГ—0.994 PTГ—0.756  score=11.0988
      P193: ESГ—0.91 FRГ—1.48 PTГ—0.84  score=11.0764  p10=75.2/0.0
      P193: ESГ—0.81 FRГ—1.45 PTГ—0.74  score=11.5427  p10=75.2/0.0
      P193: ESГ—0.91 FRГ—0.74 PTГ—1.13  score=11.2885  p10=75.2/0.0
    в”Җв”Җ P193 best: ESГ—0.909 FRГ—1.480 PTГ—0.843  score=11.0764
      P205: ESГ—1.19 FRГ—1.43 PTГ—0.72  score=9.8232  p10=80.9/70.8
      P205: ESГ—0.98 FRГ—0.79 PTГ—0.76  score=8.3923  p10=80.9/70.8
      P205: ESГ—0.61 FRГ—1.57 PTГ—0.70  score=58.7398  p10=68.0/70.8
    в”Җв”Җ P205 best: ESГ—0.977 FRГ—0.786 PTГ—0.760  score=8.3923
      P217: ESГ—0.92 FRГ—0.63 PTГ—0.65  score=13.1110  p10=73.9/73.4
      P217: ESГ—1.59 FRГ—1.46 PTГ—1.15  score=12.0036  p10=78.9/73.4
      P217: ESГ—1.57 FRГ—1.59 PTГ—0.99  score=12.0036  p10=78.9/73.4
    в”Җв”Җ P217 best: ESГ—1.590 FRГ—1.463 PTГ—1.151  score=12.0036
      P229: ESГ—0.97 FRГ—1.37 PTГ—1.27  score=8.0871  p10=44.8/36.0
      P229: ESГ—1.31 FRГ—1.03 PTГ—1.60  score=8.8832  p10=45.9/36.0
      P229: ESГ—1.60 FRГ—1.55 PTГ—0.79  score=10.0651  p10=45.0/36.0
    в”Җв”Җ P229 best: ESГ—0.974 FRГ—1.372 PTГ—1.271  score=8.0871
      P241: ESГ—1.21 FRГ—1.35 PTГ—1.38  score=6.8746  p10=87.0/88.1
      P241: ESГ—0.89 FRГ—1.29 PTГ—1.53  score=10.5800  p10=86.5/88.1
      P241: ESГ—1.11 FRГ—1.47 PTГ—1.43  score=6.7683  p10=87.0/88.1
    в”Җв”Җ P241 best: ESГ—1.114 FRГ—1.474 PTГ—1.427  score=6.7683
      P253: ESГ—1.16 FRГ—1.59 PTГ—0.80  score=7.8469  p10=22.4/14.4
      P253: ESГ—1.11 FRГ—0.80 PTГ—0.77  score=8.4395  p10=22.4/14.4
      P253: ESГ—0.97 FRГ—0.89 PTГ—1.01  score=7.4119  p10=22.4/14.4
    в”Җв”Җ P253 best: ESГ—0.968 FRГ—0.888 PTГ—1.014  score=7.4119
      P265: ESГ—1.54 FRГ—1.12 PTГ—0.67  score=10.9168  p10=79.6/29.2
      P265: ESГ—0.92 FRГ—1.46 PTГ—0.68  score=10.8849  p10=79.6/29.2
      P265: ESГ—1.59 FRГ—1.23 PTГ—0.75  score=10.2150  p10=79.8/29.2
    в”Җв”Җ P265 best: ESГ—1.585 FRГ—1.225 PTГ—0.751  score=10.2150
      P277: ESГ—0.65 FRГ—1.12 PTГ—0.97  score=224.3702  p10=27.7/0.2
      P277: ESГ—0.83 FRГ—1.54 PTГ—1.19  score=182.9150  p10=27.1/0.2
      P277: ESГ—0.88 FRГ—0.64 PTГ—0.74  score=1035.5726  p10=29.3/0.2
    в”Җв”Җ P277 best: ESГ—0.829 FRГ—1.542 PTГ—1.195  score=182.9150
      P289: ESГ—1.52 FRГ—1.29 PTГ—0.67  score=9.2790  p10=6.4/3.9
      P289: ESГ—1.22 FRГ—1.07 PTГ—1.45  score=7.3993  p10=7.0/3.9
      P289: ESГ—0.70 FRГ—1.04 PTГ—1.06  score=13.3013  p10=6.8/3.9
    в”Җв”Җ P289 best: ESГ—1.224 FRГ—1.073 PTГ—1.449  score=7.3993
      P301: ESГ—1.01 FRГ—0.73 PTГ—1.11  score=15.5357  p10=40.9/49.1
      P301: ESГ—0.90 FRГ—1.20 PTГ—1.03  score=70.3708  p10=42.1/49.1
      P301: ESГ—0.91 FRГ—0.96 PTГ—0.69  score=59.1264  p10=40.7/49.1
    в”Җв”Җ P301 best: ESГ—1.014 FRГ—0.727 PTГ—1.114  score=15.5357
      P313: ESГ—1.08 FRГ—1.45 PTГ—1.27  score=12.7403  p10=96.3/50.2
      P313: ESГ—1.23 FRГ—1.58 PTГ—1.29  score=10.1330  p10=96.3/50.2
      P313: ESГ—0.73 FRГ—1.13 PTГ—1.21  score=356.2692  p10=85.9/50.2
    в”Җв”Җ P313 best: ESГ—1.226 FRГ—1.576 PTГ—1.293  score=10.1330
      P325: ESГ—1.18 FRГ—1.13 PTГ—1.46  score=1582.6906  p10=55.9/40.0
      P325: ESГ—1.33 FRГ—1.08 PTГ—1.42  score=1519.8264  p10=55.9/40.0
      P325: ESГ—1.14 FRГ—1.04 PTГ—0.61  score=2077.1269  p10=46.4/40.0
    в”Җв”Җ P325 best: ESГ—1.335 FRГ—1.077 PTГ—1.417  score=1519.8264
      P337: ESГ—0.98 FRГ—1.32 PTГ—0.92  score=46.4503  p10=100.7/109.9
      P337: ESГ—1.57 FRГ—1.34 PTГ—1.06  score=8.6418  p10=101.9/109.9
      P337: ESГ—0.81 FRГ—0.60 PTГ—1.38  score=28.8870  p10=82.1/109.9
    в”Җв”Җ P337 best: ESГ—1.565 FRГ—1.340 PTГ—1.058  score=8.6418
      P349: ESГ—0.85 FRГ—1.13 PTГ—1.36  score=44.5682  p10=89.4/95.5
      P349: ESГ—1.23 FRГ—0.80 PTГ—0.65  score=11.8655  p10=85.8/95.5
      P349: ESГ—1.12 FRГ—0.80 PTГ—1.19  score=6.5169  p10=89.5/95.5
    в”Җв”Җ P349 best: ESГ—1.123 FRГ—0.801 PTГ—1.192  score=6.5169
      P361: ESГ—1.44 FRГ—0.61 PTГ—0.83  score=9.0477  p10=88.1/109.9
      P361: ESГ—0.71 FRГ—1.32 PTГ—0.91  score=64.0985  p10=81.0/109.9
      P361: ESГ—1.17 FRГ—0.65 PTГ—0.89  score=7.9600  p10=88.1/109.9
    в”Җв”Җ P361 best: ESГ—1.173 FRГ—0.652 PTГ—0.891  score=7.9600

  вҳ… #  1/1  [58m 53s]  score=3711.9148
      PDC: p10=51.5/34.8  p50=84.4/71.0  p90=97.0/101.2  0h=0.16129032258064516/10.0
      Mix: CCGT=89%  VRE=0%  hydro=+3%  Hdisp=500/244GWh  FRpr=83/60  PTpr=82/66  FRfl=-18/+370  PTfl=-777/-1358  trial=3533s  dT1=+0.098 dES_p1=+0.297
      Report вҶ’ progress_report.txt  |  Diagnostics вҶ’ diagnostics.png

  вҶ’ Outer Trial 2: T1О·=0.683 T2О·=0.610 T3О·=0.557 T4О·=0.503  (31 periods Г— 3 hydro sub-trials each)  [nuclear frozen at config.py baseline]
      P1: ESГ—1.37 FRГ—1.04 PTГ—1.46  score=7.1953  p10=14.6/4.4
      P1: ESГ—1.30 FRГ—0.69 PTГ—1.58  score=5.8574  p10=15.1/4.4
      P1: ESГ—1.36 FRГ—1.39 PTГ—0.73  score=8.3887  p10=14.6/4.4
    в”Җв”Җ P1 best: ESГ—1.297 FRГ—0.694 PTГ—1.576  score=5.8574
      P13: ESГ—1.25 FRГ—0.64 PTГ—0.62  score=8.2742  p10=73.3/66.2
      P13: ESГ—1.44 FRГ—1.19 PTГ—0.82  score=7.4295  p10=73.0/66.2
      P13: ESГ—1.35 FRГ—0.86 PTГ—1.02  score=6.8214  p10=73.0/66.2
    в”Җв”Җ P13 best: ESГ—1.352 FRГ—0.864 PTГ—1.020  score=6.8214
      P25: ESГ—0.72 FRГ—0.86 PTГ—1.01  score=227.9465  p10=76.6/47.0
      P25: ESГ—1.57 FRГ—0.76 PTГ—1.46  score=69.3541  p10=76.6/47.0
      P25: ESГ—0.76 FRГ—0.94 PTГ—1.28  score=81.6701  p10=76.6/47.0
    в”Җв”Җ P25 best: ESГ—1.569 FRГ—0.762 PTГ—1.457  score=69.3541
      P37: ESГ—1.17 FRГ—1.13 PTГ—1.36  score=7899.2927  p10=60.6/29.2
      P37: ESГ—1.41 FRГ—1.11 PTГ—1.38  score=7899.2927  p10=60.6/29.2
      P37: ESГ—1.40 FRГ—1.19 PTГ—1.01  score=7899.2927  p10=60.6/29.2
    в”Җв”Җ P37 best: ESГ—1.173 FRГ—1.128 PTГ—1.364  score=7899.2927
      P49: ESГ—1.51 FRГ—0.68 PTГ—0.87  score=7.0294  p10=53.8/30.0
      P49: ESГ—1.22 FRГ—1.53 PTГ—0.68  score=9.3259  p10=53.7/30.0
      P49: ESГ—1.23 FRГ—1.38 PTГ—1.11  score=7.2354  p10=54.5/30.0
    в”Җв”Җ P49 best: ESГ—1.506 FRГ—0.677 PTГ—0.873  score=7.0294
      P61: ESГ—1.34 FRГ—1.35 PTГ—1.07  score=73.1188  p10=4.0/0.0
      P61: ESГ—0.70 FRГ—1.57 PTГ—0.92  score=69.0938  p10=3.7/0.0
      P61: ESГ—0.80 FRГ—1.46 PTГ—1.11  score=78.8354  p10=4.2/0.0
    в”Җв”Җ P61 best: ESГ—0.704 FRГ—1.567 PTГ—0.921  score=69.0938
      P73: ESГ—0.99 FRГ—1.20 PTГ—1.11  score=15.6087  p10=57.2/3.2
      P73: ESГ—1.29 FRГ—1.25 PTГ—1.46  score=14.6051  p10=57.2/3.2
      P73: ESГ—1.19 FRГ—1.13 PTГ—1.37  score=14.5799  p10=57.1/3.2
    в”Җв”Җ P73 best: ESГ—1.190 FRГ—1.128 PTГ—1.372  score=14.5799
      P85: ESГ—0.96 FRГ—1.19 PTГ—0.99  score=23.5315  p10=1.7/0.0
      P85: ESГ—1.22 FRГ—1.26 PTГ—0.61  score=13.5724  p10=1.7/0.0
      P85: ESГ—1.38 FRГ—1.60 PTГ—1.11  score=22.2858  p10=1.7/0.0
    в”Җв”Җ P85 best: ESГ—1.224 FRГ—1.256 PTГ—0.614  score=13.5724
      P97: ESГ—1.39 FRГ—1.43 PTГ—1.15  score=105359.5372  p10=?/?
      P97: ESГ—1.57 FRГ—0.84 PTГ—1.25  score=105094.7038  p10=?/?
      P97: ESГ—0.67 FRГ—1.16 PTГ—1.00  score=160567.8056  p10=?/?
    в”Җв”Җ P97 best: ESГ—1.573 FRГ—0.837 PTГ—1.247  score=105094.7038
      P109: ESГ—1.54 FRГ—0.91 PTГ—0.85  score=14.6867  p10=?/?
      P109: ESГ—0.82 FRГ—1.39 PTГ—0.82  score=12.2611  p10=?/?
      P109: ESГ—1.41 FRГ—1.33 PTГ—1.02  score=9.9881  p10=?/?
    в”Җв”Җ P109 best: ESГ—1.406 FRГ—1.333 PTГ—1.022  score=9.9881
      P121: ESГ—1.22 FRГ—1.17 PTГ—1.12  score=14.5060  p10=1.8/0.2
      P121: ESГ—0.61 FRГ—1.15 PTГ—1.57  score=23.4727  p10=1.8/0.2
      P121: ESГ—1.00 FRГ—0.62 PTГ—0.84  score=8.7508  p10=1.8/0.2
    в”Җв”Җ P121 best: ESГ—0.998 FRГ—0.616 PTГ—0.844  score=8.7508
      P133: ESГ—0.61 FRГ—1.32 PTГ—0.93  score=13.1498  p10=2.1/0.0
      P133: ESГ—1.53 FRГ—0.70 PTГ—1.27  score=10.2668  p10=2.1/0.0
      P133: ESГ—1.42 FRГ—1.29 PTГ—1.60  score=10.3458  p10=2.1/0.0
    в”Җв”Җ P133 best: ESГ—1.533 FRГ—0.705 PTГ—1.266  score=10.2668
      P145: ESГ—0.82 FRГ—1.12 PTГ—0.68  score=23.7725  p10=42.7/0.0
      P145: ESГ—1.18 FRГ—0.69 PTГ—1.06  score=14.1734  p10=44.0/0.0
      P145: ESГ—1.27 FRГ—0.73 PTГ—1.53  score=9.5556  p10=48.0/0.0
    в”Җв”Җ P145 best: ESГ—1.268 FRГ—0.729 PTГ—1.526  score=9.5556
      P157: ESГ—1.43 FRГ—1.47 PTГ—0.82  score=6.3987  p10=75.4/36.6
      P157: ESГ—0.83 FRГ—1.09 PTГ—1.35  score=14.8237  p10=74.9/36.6
      P157: ESГ—1.30 FRГ—1.55 PTГ—0.67  score=11.0306  p10=75.9/36.6
    в”Җв”Җ P157 best: ESГ—1.432 FRГ—1.471 PTГ—0.818  score=6.3987
      P169: ESГ—1.33 FRГ—0.62 PTГ—1.58  score=14.8576  p10=72.0/10.9
      P169: ESГ—1.32 FRГ—1.14 PTГ—0.84  score=10.4158  p10=79.7/10.9
      P169: ESГ—1.21 FRГ—0.96 PTГ—1.19  score=10.1130  p10=79.7/10.9
    в”Җв”Җ P169 best: ESГ—1.207 FRГ—0.959 PTГ—1.189  score=10.1130
      P181: ESГ—1.28 FRГ—1.07 PTГ—1.44  score=12.4769  p10=66.0/10.1
      P181: ESГ—0.94 FRГ—0.99 PTГ—0.76  score=11.0988  p10=66.0/10.1
      P181: ESГ—1.03 FRГ—1.33 PTГ—0.89  score=12.2663  p10=66.0/10.1
    в”Җв”Җ P181 best: ESГ—0.940 FRГ—0.994 PTГ—0.756  score=11.0988
      P193: ESГ—0.91 FRГ—1.48 PTГ—0.84  score=11.0764  p10=75.2/0.0
      P193: ESГ—0.81 FRГ—1.45 PTГ—0.74  score=11.5427  p10=75.2/0.0
      P193: ESГ—0.91 FRГ—0.74 PTГ—1.13  score=11.2885  p10=75.2/0.0
    в”Җв”Җ P193 best: ESГ—0.909 FRГ—1.480 PTГ—0.843  score=11.0764
      P205: ESГ—1.19 FRГ—1.43 PTГ—0.72  score=9.8232  p10=80.9/70.8
      P205: ESГ—0.98 FRГ—0.79 PTГ—0.76  score=8.3923  p10=80.9/70.8
      P205: ESГ—0.61 FRГ—1.57 PTГ—0.70  score=58.7398  p10=68.0/70.8
    в”Җв”Җ P205 best: ESГ—0.977 FRГ—0.786 PTГ—0.760  score=8.3923
      P217: ESГ—0.92 FRГ—0.63 PTГ—0.65  score=13.1110  p10=73.9/73.4
      P217: ESГ—1.59 FRГ—1.46 PTГ—1.15  score=12.0036  p10=78.9/73.4
      P217: ESГ—1.57 FRГ—1.59 PTГ—0.99  score=12.0036  p10=78.9/73.4
    в”Җв”Җ P217 best: ESГ—1.590 FRГ—1.463 PTГ—1.151  score=12.0036
      P229: ESГ—0.97 FRГ—1.37 PTГ—1.27  score=8.0871  p10=44.8/36.0
      P229: ESГ—1.31 FRГ—1.03 PTГ—1.60  score=8.8832  p10=45.9/36.0
      P229: ESГ—1.60 FRГ—1.55 PTГ—0.79  score=10.0651  p10=45.0/36.0
    в”Җв”Җ P229 best: ESГ—0.974 FRГ—1.372 PTГ—1.271  score=8.0871
      P241: ESГ—1.21 FRГ—1.35 PTГ—1.38  score=6.8746  p10=87.0/88.1
      P241: ESГ—0.89 FRГ—1.29 PTГ—1.53  score=10.5800  p10=86.5/88.1
      P241: ESГ—1.11 FRГ—1.47 PTГ—1.43  score=6.7683  p10=87.0/88.1
    в”Җв”Җ P241 best: ESГ—1.114 FRГ—1.474 PTГ—1.427  score=6.7683
      P253: ESГ—1.16 FRГ—1.59 PTГ—0.80  score=7.8469  p10=22.4/14.4
      P253: ESГ—1.11 FRГ—0.80 PTГ—0.77  score=8.4395  p10=22.4/14.4
      P253: ESГ—0.97 FRГ—0.89 PTГ—1.01  score=7.4119  p10=22.4/14.4
    в”Җв”Җ P253 best: ESГ—0.968 FRГ—0.888 PTГ—1.014  score=7.4119
      P265: ESГ—1.54 FRГ—1.12 PTГ—0.67  score=10.9168  p10=79.6/29.2
      P265: ESГ—0.92 FRГ—1.46 PTГ—0.68  score=10.8849  p10=79.6/29.2
      P265: ESГ—1.59 FRГ—1.23 PTГ—0.75  score=10.2150  p10=79.8/29.2
    в”Җв”Җ P265 best: ESГ—1.585 FRГ—1.225 PTГ—0.751  score=10.2150
      P277: ESГ—0.65 FRГ—1.12 PTГ—0.97  score=224.3702  p10=27.7/0.2
      P277: ESГ—0.83 FRГ—1.54 PTГ—1.19  score=182.9150  p10=27.1/0.2
      P277: ESГ—0.88 FRГ—0.64 PTГ—0.74  score=1035.5726  p10=29.3/0.2
    в”Җв”Җ P277 best: ESГ—0.829 FRГ—1.542 PTГ—1.195  score=182.9150
      P289: ESГ—1.52 FRГ—1.29 PTГ—0.67  score=9.2790  p10=6.4/3.9
      P289: ESГ—1.22 FRГ—1.07 PTГ—1.45  score=7.3993  p10=7.0/3.9
      P289: ESГ—0.70 FRГ—1.04 PTГ—1.06  